
Showing logs for build [32mcb-kubecd-environment-pr-230-9-526jd-1[0m stage [32mfrom-build-pack[0m and container [32mstep-credential-initializer-gg24g[0m
{"level":"info","ts":1590202678.9246483,"logger":"fallback-logger","caller":"logging/config.go:69","msg":"Fetch GitHub commit ID from kodata failed: open /var/run/ko/refs/heads/0.8.0-ns-support: no such file or directory"}
{"level":"info","ts":1590202678.925579,"logger":"fallback-logger","caller":"creds-init/main.go:40","msg":"Credentials initialized."}

Showing logs for build [32mcb-kubecd-environment-pr-230-9-526jd-1[0m stage [32mfrom-build-pack[0m and container [32mstep-working-dir-initializer-d84xf[0m
{"level":"info","ts":1590202679.4316359,"logger":"fallback-logger","caller":"logging/config.go:69","msg":"Fetch GitHub commit ID from kodata failed: open /var/run/ko/HEAD: no such file or directory"}
{"level":"info","ts":1590202679.4332604,"logger":"fallback-logger","caller":"bash/main.go:64","msg":"Successfully executed command \"sh -c mkdir -p /workspace/source\"; output "}

Showing logs for build [32mcb-kubecd-environment-pr-230-9-526jd-1[0m stage [32mfrom-build-pack[0m and container [32mstep-place-tools[0m

Showing logs for build [32mcb-kubecd-environment-pr-230-9-526jd-1[0m stage [32mfrom-build-pack[0m and container [32mstep-git-source-cb-kubecd-environment-pr-230-9-526jd-spt7m[0m
{"level":"info","ts":1590202683.4711306,"logger":"fallback-logger","caller":"logging/config.go:69","msg":"Fetch GitHub commit ID from kodata failed: open /var/run/ko/refs/heads/0.8.0-ns-support: no such file or directory"}
{"level":"info","ts":1590202684.4965641,"logger":"fallback-logger","caller":"git/git.go:103","msg":"Successfully cloned https://github.com/cb-kubecd/environment-pr-230-9-boot-gke-production.git @ master in path /workspace/source"}

Showing logs for build [32mcb-kubecd-environment-pr-230-9-526jd-1[0m stage [32mfrom-build-pack[0m and container [32mstep-git-merge[0m
Using SHAs from PULL_REFS=master:d6c4e73764ffc14d04fa039acbb5c501ee348623,1:be95ce55f58e0a73e383c6a0b3c7a23211b0f376
DEBUG: JX_LOG_LEVEL=error LC_ALL=C git fetch origin --unshallow be95ce55f58e0a73e383c6a0b3c7a23211b0f376: d6c4e73764ffc14d04fa039acbb5c501ee348623:
DEBUG: ran git fetch --unshallow origin be95ce55f58e0a73e383c6a0b3c7a23211b0f376: d6c4e73764ffc14d04fa039acbb5c501ee348623: in 
DEBUG: LC_ALL=C JX_LOG_LEVEL=error git branch
DEBUG: LC_ALL=C JX_LOG_LEVEL=error git checkout master
DEBUG: ran git checkout master in 
DEBUG: LC_ALL=C JX_LOG_LEVEL=error git reset --hard d6c4e73764ffc14d04fa039acbb5c501ee348623
DEBUG: ran git reset --hard d6c4e73764ffc14d04fa039acbb5c501ee348623 in 
DEBUG: LC_ALL=C JX_LOG_LEVEL=error git clean -fd .
DEBUG: ran clean --force -d . in 
DEBUG: LC_ALL=C JX_LOG_LEVEL=error git merge be95ce55f58e0a73e383c6a0b3c7a23211b0f376
DEBUG: ran git merge be95ce55f58e0a73e383c6a0b3c7a23211b0f376 in 
DEBUG: LC_ALL=C JX_LOG_LEVEL=error git log --format=%H%x1f%an%x1f%ae%x1f%cn%x1f%ce%x1f%s%n%b%x1e d6c4e73764ffc14d04fa039acbb5c501ee348623..HEAD
Merged SHA be95ce55f58e0a73e383c6a0b3c7a23211b0f376 with commit message 'chore: Promote bdd-spring-1590201681 to version 0.0.1' into base branch master

Showing logs for build [32mcb-kubecd-environment-pr-230-9-526jd-1[0m stage [32mfrom-build-pack[0m and container [32mstep-build-helm-build[0m
WARNING: No $CHART_REPOSITORY defined so using the default value of: http://jenkins-x-chartmuseum:8080
Adding missing Helm repo: storage.googleapis.com https://storage.googleapis.com/chartmuseum.jenkins-x.io
WARNING: No secrets found on "helm/repos" due: reading the secret "helm/repos" from vault: no secret "helm/repos" not found in vault
Read credentials for https://storage.googleapis.com/chartmuseum.jenkins-x.io from vault helm/repos
Successfully added Helm repository storage.googleapis.com.
Adding missing Helm repo: jenkins-x-chartmuseum http://jenkins-x-chartmuseum:8080
WARNING: No secrets found on "helm/repos" due: reading the secret "helm/repos" from vault: no secret "helm/repos" not found in vault
Read credentials for http://jenkins-x-chartmuseum:8080 from vault helm/repos
Successfully added Helm repository jenkins-x-chartmuseum.
WARNING: No $CHART_REPOSITORY defined so using the default value of: http://jenkins-x-chartmuseum:8080
Adding missing Helm repo: chartmuseum.jenkins-x.io http://chartmuseum.jenkins-x.io
WARNING: No secrets found on "helm/repos" due: reading the secret "helm/repos" from vault: no secret "helm/repos" not found in vault
Read credentials for http://chartmuseum.jenkins-x.io from vault helm/repos
Successfully added Helm repository chartmuseum.jenkins-x.io.
